0 verbose cli /opt/homebrew/Cellar/node/25.6.1/bin/node /opt/homebrew/bin/npm
1 info using npm@11.9.0
2 info using node@v25.6.1
3 silly config load:file:/opt/homebrew/lib/node_modules/npm/npmrc
4 silly config load:file:/Users/jeonjihun/Desktop/Upstage/Woogook/woogook_fe_test/.npmrc
5 silly config load:file:/Users/jeonjihun/.npmrc
6 silly config load:file:/opt/homebrew/etc/npmrc
7 verbose title npm install pg
8 verbose argv "install" "pg" "--cache" ".npm-cache"
9 verbose logfile logs-max:10 dir:/Users/jeonjihun/Desktop/Upstage/Woogook/woogook_fe_test/.npm-cache/_logs/2026-03-17T04_20_13_843Z-
10 verbose logfile /Users/jeonjihun/Desktop/Upstage/Woogook/woogook_fe_test/.npm-cache/_logs/2026-03-17T04_20_13_843Z-debug-0.log
11 silly logfile done cleaning log files
12 silly packumentCache heap:2348810240 maxSize:587202560 maxEntrySize:293601280
13 silly idealTree buildDeps
14 silly fetch manifest pg@*
15 silly packumentCache full:https://registry.npmjs.org/pg cache-miss
16 http fetch GET 200 https://registry.npmjs.org/pg 64ms (cache miss)
17 silly packumentCache full:https://registry.npmjs.org/pg set size:undefined disposed:false
18 silly fetch manifest pg-native@>=3.0.1
19 silly packumentCache full:https://registry.npmjs.org/pg-native cache-miss
20 http fetch GET 200 https://registry.npmjs.org/npm 170ms
21 http fetch GET 200 https://registry.npmjs.org/pg-native 37ms (cache miss)
22 silly packumentCache full:https://registry.npmjs.org/pg-native set size:undefined disposed:false
23 silly placeDep ROOT pg@8.20.0 OK for: woogook_fe_test@0.1.0 want: *
24 silly fetch manifest pg-connection-string@^2.12.0
25 silly packumentCache full:https://registry.npmjs.org/pg-connection-string cache-miss
26 silly fetch manifest pg-pool@^3.13.0
27 silly packumentCache full:https://registry.npmjs.org/pg-pool cache-miss
28 silly fetch manifest pg-protocol@^1.13.0
29 silly packumentCache full:https://registry.npmjs.org/pg-protocol cache-miss
30 silly fetch manifest pg-types@2.2.0
31 silly packumentCache full:https://registry.npmjs.org/pg-types cache-miss
32 silly fetch manifest pgpass@1.0.5
33 silly packumentCache full:https://registry.npmjs.org/pgpass cache-miss
34 silly fetch manifest pg-cloudflare@^1.3.0
35 silly packumentCache full:https://registry.npmjs.org/pg-cloudflare cache-miss
36 http fetch GET 200 https://registry.npmjs.org/pg-pool 23ms (cache miss)
37 silly packumentCache full:https://registry.npmjs.org/pg-pool set size:undefined disposed:false
38 http fetch GET 200 https://registry.npmjs.org/pg-connection-string 34ms (cache miss)
39 silly packumentCache full:https://registry.npmjs.org/pg-connection-string set size:undefined disposed:false
40 http fetch GET 200 https://registry.npmjs.org/pgpass 45ms (cache miss)
41 silly packumentCache full:https://registry.npmjs.org/pgpass set size:undefined disposed:false
42 http fetch GET 200 https://registry.npmjs.org/pg-cloudflare 52ms (cache miss)
43 silly packumentCache full:https://registry.npmjs.org/pg-cloudflare set size:undefined disposed:false
44 http fetch GET 200 https://registry.npmjs.org/pg-protocol 54ms (cache miss)
45 silly packumentCache full:https://registry.npmjs.org/pg-protocol set size:undefined disposed:false
46 http fetch GET 200 https://registry.npmjs.org/pg-types 63ms (cache miss)
47 silly packumentCache full:https://registry.npmjs.org/pg-types set size:undefined disposed:false
48 silly fetch manifest pg@>=8.0
49 silly packumentCache full:https://registry.npmjs.org/pg cache-miss
50 http cache https://registry.npmjs.org/pg 3ms (cache hit)
51 silly packumentCache full:https://registry.npmjs.org/pg set size:475297 disposed:false
52 silly placeDep ROOT pg-cloudflare@1.3.0 OK for: pg@8.20.0 want: ^1.3.0
53 silly placeDep ROOT pg-connection-string@2.12.0 OK for: pg@8.20.0 want: ^2.12.0
54 silly placeDep ROOT pg-pool@3.13.0 OK for: pg@8.20.0 want: ^3.13.0
55 silly placeDep ROOT pg-protocol@1.13.0 OK for: pg@8.20.0 want: ^1.13.0
56 silly placeDep ROOT pg-types@2.2.0 OK for: pg@8.20.0 want: 2.2.0
57 silly placeDep ROOT pgpass@1.0.5 OK for: pg@8.20.0 want: 1.0.5
58 silly fetch manifest pg-int8@1.0.1
59 silly packumentCache full:https://registry.npmjs.org/pg-int8 cache-miss
60 silly fetch manifest postgres-date@~1.0.4
61 silly packumentCache full:https://registry.npmjs.org/postgres-date cache-miss
62 silly fetch manifest postgres-array@~2.0.0
63 silly packumentCache full:https://registry.npmjs.org/postgres-array cache-miss
64 silly fetch manifest postgres-bytea@~1.0.0
65 silly packumentCache full:https://registry.npmjs.org/postgres-bytea cache-miss
66 silly fetch manifest postgres-interval@^1.1.0
67 silly packumentCache full:https://registry.npmjs.org/postgres-interval cache-miss
68 silly fetch manifest split2@^4.1.0
69 silly packumentCache full:https://registry.npmjs.org/split2 cache-miss
70 http fetch GET 200 https://registry.npmjs.org/pg-int8 25ms (cache miss)
71 silly packumentCache full:https://registry.npmjs.org/pg-int8 set size:undefined disposed:false
72 http fetch GET 200 https://registry.npmjs.org/postgres-bytea 26ms (cache miss)
73 silly packumentCache full:https://registry.npmjs.org/postgres-bytea set size:undefined disposed:false
74 http fetch GET 200 https://registry.npmjs.org/postgres-date 26ms (cache miss)
75 silly packumentCache full:https://registry.npmjs.org/postgres-date set size:undefined disposed:false
76 http fetch GET 200 https://registry.npmjs.org/postgres-array 28ms (cache miss)
77 silly packumentCache full:https://registry.npmjs.org/postgres-array set size:undefined disposed:false
78 http fetch GET 200 https://registry.npmjs.org/postgres-interval 31ms (cache miss)
79 silly packumentCache full:https://registry.npmjs.org/postgres-interval set size:undefined disposed:false
80 http fetch GET 200 https://registry.npmjs.org/split2 32ms (cache miss)
81 silly packumentCache full:https://registry.npmjs.org/split2 set size:undefined disposed:false
82 silly placeDep ROOT pg-int8@1.0.1 OK for: pg-types@2.2.0 want: 1.0.1
83 silly placeDep ROOT postgres-array@2.0.0 OK for: pg-types@2.2.0 want: ~2.0.0
84 silly placeDep ROOT postgres-bytea@1.0.1 OK for: pg-types@2.2.0 want: ~1.0.0
85 silly placeDep ROOT postgres-date@1.0.7 OK for: pg-types@2.2.0 want: ~1.0.4
86 silly placeDep ROOT postgres-interval@1.2.0 OK for: pg-types@2.2.0 want: ^1.1.0
87 silly fetch manifest xtend@^4.0.0
88 silly packumentCache full:https://registry.npmjs.org/xtend cache-miss
89 http fetch GET 200 https://registry.npmjs.org/xtend 25ms (cache miss)
90 silly packumentCache full:https://registry.npmjs.org/xtend set size:undefined disposed:false
91 silly placeDep ROOT split2@4.2.0 OK for: pgpass@1.0.5 want: ^4.1.0
92 silly placeDep ROOT xtend@4.0.2 OK for: postgres-interval@1.2.0 want: ^4.0.0
93 silly reify moves {}
94 silly audit bulk request {
94 silly audit   '@alloc/quick-lru': [ '5.2.0' ],
94 silly audit   '@babel/code-frame': [ '7.29.0' ],
94 silly audit   '@babel/compat-data': [ '7.29.0' ],
94 silly audit   '@babel/core': [ '7.29.0' ],
94 silly audit   '@babel/generator': [ '7.29.1' ],
94 silly audit   '@babel/helper-compilation-targets': [ '7.28.6' ],
94 silly audit   '@babel/helper-globals': [ '7.28.0' ],
94 silly audit   '@babel/helper-module-imports': [ '7.28.6' ],
94 silly audit   '@babel/helper-module-transforms': [ '7.28.6' ],
94 silly audit   '@babel/helper-string-parser': [ '7.27.1' ],
94 silly audit   '@babel/helper-validator-identifier': [ '7.28.5' ],
94 silly audit   '@babel/helper-validator-option': [ '7.27.1' ],
94 silly audit   '@babel/helpers': [ '7.28.6' ],
94 silly audit   '@babel/parser': [ '7.29.0' ],
94 silly audit   '@babel/template': [ '7.28.6' ],
94 silly audit   '@babel/traverse': [ '7.29.0' ],
94 silly audit   '@babel/types': [ '7.29.0' ],
94 silly audit   '@emnapi/core': [ '1.9.0' ],
94 silly audit   '@emnapi/runtime': [ '1.9.0' ],
94 silly audit   '@emnapi/wasi-threads': [ '1.2.0' ],
94 silly audit   '@eslint-community/eslint-utils': [ '4.9.1' ],
94 silly audit   'eslint-visitor-keys': [ '3.4.3', '5.0.1', '4.2.1' ],
94 silly audit   '@eslint-community/regexpp': [ '4.12.2' ],
94 silly audit   '@eslint/config-array': [ '0.21.2' ],
94 silly audit   '@eslint/config-helpers': [ '0.4.2' ],
94 silly audit   '@eslint/core': [ '0.17.0' ],
94 silly audit   '@eslint/eslintrc': [ '3.3.5' ],
94 silly audit   '@eslint/js': [ '9.39.4' ],
94 silly audit   '@eslint/object-schema': [ '2.1.7' ],
94 silly audit   '@eslint/plugin-kit': [ '0.4.1' ],
94 silly audit   '@humanfs/core': [ '0.19.1' ],
94 silly audit   '@humanfs/node': [ '0.16.7' ],
94 silly audit   '@humanwhocodes/module-importer': [ '1.0.1' ],
94 silly audit   '@humanwhocodes/retry': [ '0.4.3' ],
94 silly audit   '@img/colour': [ '1.1.0' ],
94 silly audit   '@img/sharp-darwin-arm64': [ '0.34.5' ],
94 silly audit   '@img/sharp-darwin-x64': [ '0.34.5' ],
94 silly audit   '@img/sharp-libvips-darwin-arm64': [ '1.2.4' ],
94 silly audit   '@img/sharp-libvips-darwin-x64': [ '1.2.4' ],
94 silly audit   '@img/sharp-libvips-linux-arm': [ '1.2.4' ],
94 silly audit   '@img/sharp-libvips-linux-arm64': [ '1.2.4' ],
94 silly audit   '@img/sharp-libvips-linux-ppc64': [ '1.2.4' ],
94 silly audit   '@img/sharp-libvips-linux-riscv64': [ '1.2.4' ],
94 silly audit   '@img/sharp-libvips-linux-s390x': [ '1.2.4' ],
94 silly audit   '@img/sharp-libvips-linux-x64': [ '1.2.4' ],
94 silly audit   '@img/sharp-libvips-linuxmusl-arm64': [ '1.2.4' ],
94 silly audit   '@img/sharp-libvips-linuxmusl-x64': [ '1.2.4' ],
94 silly audit   '@img/sharp-linux-arm': [ '0.34.5' ],
94 silly audit   '@img/sharp-linux-arm64': [ '0.34.5' ],
94 silly audit   '@img/sharp-linux-ppc64': [ '0.34.5' ],
94 silly audit   '@img/sharp-linux-riscv64': [ '0.34.5' ],
94 silly audit   '@img/sharp-linux-s390x': [ '0.34.5' ],
94 silly audit   '@img/sharp-linux-x64': [ '0.34.5' ],
94 silly audit   '@img/sharp-linuxmusl-arm64': [ '0.34.5' ],
94 silly audit   '@img/sharp-linuxmusl-x64': [ '0.34.5' ],
94 silly audit   '@img/sharp-wasm32': [ '0.34.5' ],
94 silly audit   '@img/sharp-win32-arm64': [ '0.34.5' ],
94 silly audit   '@img/sharp-win32-ia32': [ '0.34.5' ],
94 silly audit   '@img/sharp-win32-x64': [ '0.34.5' ],
94 silly audit   '@jridgewell/gen-mapping': [ '0.3.13' ],
94 silly audit   '@jridgewell/remapping': [ '2.3.5' ],
94 silly audit   '@jridgewell/resolve-uri': [ '3.1.2' ],
94 silly audit   '@jridgewell/sourcemap-codec': [ '1.5.5' ],
94 silly audit   '@jridgewell/trace-mapping': [ '0.3.31' ],
94 silly audit   '@napi-rs/wasm-runtime': [ '0.2.12' ],
94 silly audit   '@next/env': [ '16.1.6' ],
94 silly audit   '@next/eslint-plugin-next': [ '16.1.6' ],
94 silly audit   '@next/swc-darwin-arm64': [ '16.1.6' ],
94 silly audit   '@next/swc-darwin-x64': [ '16.1.6' ],
94 silly audit   '@next/swc-linux-arm64-gnu': [ '16.1.6' ],
94 silly audit   '@next/swc-linux-arm64-musl': [ '16.1.6' ],
94 silly audit   '@next/swc-linux-x64-gnu': [ '16.1.6' ],
94 silly audit   '@next/swc-linux-x64-musl': [ '16.1.6' ],
94 silly audit   '@next/swc-win32-arm64-msvc': [ '16.1.6' ],
94 silly audit   '@next/swc-win32-x64-msvc': [ '16.1.6' ],
94 silly audit   '@nodelib/fs.scandir': [ '2.1.5' ],
94 silly audit   '@nodelib/fs.stat': [ '2.0.5' ],
94 silly audit   '@nodelib/fs.walk': [ '1.2.8' ],
94 silly audit   '@nolyfill/is-core-module': [ '1.0.39' ],
94 silly audit   '@rtsao/scc': [ '1.1.0' ],
94 silly audit   '@swc/helpers': [ '0.5.15' ],
94 silly audit   '@tailwindcss/node': [ '4.2.1' ],
94 silly audit   '@tailwindcss/oxide': [ '4.2.1' ],
94 silly audit   '@tailwindcss/oxide-android-arm64': [ '4.2.1' ],
94 silly audit   '@tailwindcss/oxide-darwin-arm64': [ '4.2.1' ],
94 silly audit   '@tailwindcss/oxide-darwin-x64': [ '4.2.1' ],
94 silly audit   '@tailwindcss/oxide-freebsd-x64': [ '4.2.1' ],
94 silly audit   '@tailwindcss/oxide-linux-arm-gnueabihf': [ '4.2.1' ],
94 silly audit   '@tailwindcss/oxide-linux-arm64-gnu': [ '4.2.1' ],
94 silly audit   '@tailwindcss/oxide-linux-arm64-musl': [ '4.2.1' ],
94 silly audit   '@tailwindcss/oxide-linux-x64-gnu': [ '4.2.1' ],
94 silly audit   '@tailwindcss/oxide-linux-x64-musl': [ '4.2.1' ],
94 silly audit   '@tailwindcss/oxide-wasm32-wasi': [ '4.2.1' ],
94 silly audit   '@tailwindcss/oxide-win32-arm64-msvc': [ '4.2.1' ],
94 silly audit   '@tailwindcss/oxide-win32-x64-msvc': [ '4.2.1' ],
94 silly audit   '@tailwindcss/postcss': [ '4.2.1' ],
94 silly audit   '@tybys/wasm-util': [ '0.10.1' ],
94 silly audit   '@types/estree': [ '1.0.8' ],
94 silly audit   '@types/json-schema': [ '7.0.15' ],
94 silly audit   '@types/json5': [ '0.0.29' ],
94 silly audit   '@types/node': [ '20.19.37' ],
94 silly audit   '@types/react': [ '19.2.14' ],
94 silly audit   '@types/react-dom': [ '19.2.3' ],
94 silly audit   '@typescript-eslint/eslint-plugin': [ '8.57.0' ],
94 silly audit   ignore: [ '7.0.5', '5.3.2' ],
94 silly audit   '@typescript-eslint/parser': [ '8.57.0' ],
94 silly audit   '@typescript-eslint/project-service': [ '8.57.0' ],
94 silly audit   '@typescript-eslint/scope-manager': [ '8.57.0' ],
94 silly audit   '@typescript-eslint/tsconfig-utils': [ '8.57.0' ],
94 silly audit   '@typescript-eslint/type-utils': [ '8.57.0' ],
94 silly audit   '@typescript-eslint/types': [ '8.57.0' ],
94 silly audit   '@typescript-eslint/typescript-estree': [ '8.57.0' ],
94 silly audit   'balanced-match': [ '4.0.4', '1.0.2' ],
94 silly audit   'brace-expansion': [ '5.0.4', '1.1.12' ],
94 silly audit   minimatch: [ '10.2.4', '3.1.5' ],
94 silly audit   semver: [ '7.7.4', '6.3.1' ],
94 silly audit   '@typescript-eslint/utils': [ '8.57.0' ],
94 silly audit   '@typescript-eslint/visitor-keys': [ '8.57.0' ],
94 silly audit   '@unrs/resolver-binding-android-arm-eabi': [ '1.11.1' ],
94 silly audit   '@unrs/resolver-binding-android-arm64': [ '1.11.1' ],
94 silly audit   '@unrs/resolver-binding-darwin-arm64': [ '1.11.1' ],
94 silly audit   '@unrs/resolver-binding-darwin-x64': [ '1.11.1' ],
94 silly audit   '@unrs/resolver-binding-freebsd-x64': [ '1.11.1' ],
94 silly audit   '@unrs/resolver-binding-linux-arm-gnueabihf': [ '1.11.1' ],
94 silly audit   '@unrs/resolver-binding-linux-arm-musleabihf': [ '1.11.1' ],
94 silly audit   '@unrs/resolver-binding-linux-arm64-gnu': [ '1.11.1' ],
94 silly audit   '@unrs/resolver-binding-linux-arm64-musl': [ '1.11.1' ],
94 silly audit   '@unrs/resolver-binding-linux-ppc64-gnu': [ '1.11.1' ],
94 silly audit   '@unrs/resolver-binding-linux-riscv64-gnu': [ '1.11.1' ],
94 silly audit   '@unrs/resolver-binding-linux-riscv64-musl': [ '1.11.1' ],
94 silly audit   '@unrs/resolver-binding-linux-s390x-gnu': [ '1.11.1' ],
94 silly audit   '@unrs/resolver-binding-linux-x64-gnu': [ '1.11.1' ],
94 silly audit   '@unrs/resolver-binding-linux-x64-musl': [ '1.11.1' ],
94 silly audit   '@unrs/resolver-binding-wasm32-wasi': [ '1.11.1' ],
94 silly audit   '@unrs/resolver-binding-win32-arm64-msvc': [ '1.11.1' ],
94 silly audit   '@unrs/resolver-binding-win32-ia32-msvc': [ '1.11.1' ],
94 silly audit   '@unrs/resolver-binding-win32-x64-msvc': [ '1.11.1' ],
94 silly audit   acorn: [ '8.16.0' ],
94 silly audit   'acorn-jsx': [ '5.3.2' ],
94 silly audit   ajv: [ '6.14.0' ],
94 silly audit   'ansi-styles': [ '4.3.0' ],
94 silly audit   argparse: [ '2.0.1' ],
94 silly audit   'aria-query': [ '5.3.2' ],
94 silly audit   'array-buffer-byte-length': [ '1.0.2' ],
94 silly audit   'array-includes': [ '3.1.9' ],
94 silly audit   'array.prototype.findlast': [ '1.2.5' ],
94 silly audit   'array.prototype.findlastindex': [ '1.2.6' ],
94 silly audit   'array.prototype.flat': [ '1.3.3' ],
94 silly audit   'array.prototype.flatmap': [ '1.3.3' ],
94 silly audit   'array.prototype.tosorted': [ '1.1.4' ],
94 silly audit   'arraybuffer.prototype.slice': [ '1.0.4' ],
94 silly audit   'ast-types-flow': [ '0.0.8' ],
94 silly audit   'async-function': [ '1.0.0' ],
94 silly audit   'available-typed-arrays': [ '1.0.7' ],
94 silly audit   'axe-core': [ '4.11.1' ],
94 silly audit   'axobject-query': [ '4.1.0' ],
94 silly audit   'baseline-browser-mapping': [ '2.10.8' ],
94 silly audit   braces: [ '3.0.3' ],
94 silly audit   browserslist: [ '4.28.1' ],
94 silly audit   'call-bind': [ '1.0.8' ],
94 silly audit   'call-bind-apply-helpers': [ '1.0.2' ],
94 silly audit   'call-bound': [ '1.0.4' ],
94 silly audit   callsites: [ '3.1.0' ],
94 silly audit   'caniuse-lite': [ '1.0.30001779' ],
94 silly audit   chalk: [ '4.1.2' ],
94 silly audit   'client-only': [ '0.0.1' ],
94 silly audit   'color-convert': [ '2.0.1' ],
94 silly audit   'color-name': [ '1.1.4' ],
94 silly audit   'concat-map': [ '0.0.1' ],
94 silly audit   'convert-source-map': [ '2.0.0' ],
94 silly audit   'cross-spawn': [ '7.0.6' ],
94 silly audit   csstype: [ '3.2.3' ],
94 silly audit   'damerau-levenshtein': [ '1.0.8' ],
94 silly audit   'data-view-buffer': [ '1.0.2' ],
94 silly audit   'data-view-byte-length': [ '1.0.2' ],
94 silly audit   'data-view-byte-offset': [ '1.0.1' ],
94 silly audit   debug: [ '4.4.3', '3.2.7' ],
94 silly audit   'deep-is': [ '0.1.4' ],
94 silly audit   'define-data-property': [ '1.1.4' ],
94 silly audit   'define-properties': [ '1.2.1' ],
94 silly audit   'detect-libc': [ '2.1.2' ],
94 silly audit   doctrine: [ '2.1.0' ],
94 silly audit   'dunder-proto': [ '1.0.1' ],
94 silly audit   'electron-to-chromium': [ '1.5.313' ],
94 silly audit   'emoji-regex': [ '9.2.2' ],
94 silly audit   'enhanced-resolve': [ '5.20.0' ],
94 silly audit   'es-abstract': [ '1.24.1' ],
94 silly audit   'es-define-property': [ '1.0.1' ],
94 silly audit   'es-errors': [ '1.3.0' ],
94 silly audit   'es-iterator-helpers': [ '1.3.1' ],
94 silly audit   'es-object-atoms': [ '1.1.1' ],
94 silly audit   'es-set-tostringtag': [ '2.1.0' ],
94 silly audit   'es-shim-unscopables': [ '1.1.0' ],
94 silly audit   'es-to-primitive': [ '1.3.0' ],
94 silly audit   escalade: [ '3.2.0' ],
94 silly audit   'escape-string-regexp': [ '4.0.0' ],
94 silly audit   eslint: [ '9.39.4' ],
94 silly audit   'eslint-config-next': [ '16.1.6' ],
94 silly audit   globals: [ '16.4.0', '14.0.0' ],
94 silly audit   'eslint-import-resolver-node': [ '0.3.9' ],
94 silly audit   'eslint-import-resolver-typescript': [ '3.10.1' ],
94 silly audit   'eslint-module-utils': [ '2.12.1' ],
94 silly audit   'eslint-plugin-import': [ '2.32.0' ],
94 silly audit   'eslint-plugin-jsx-a11y': [ '6.10.2' ],
94 silly audit   'eslint-plugin-react': [ '7.37.5' ],
94 silly audit   'eslint-plugin-react-hooks': [ '7.0.1' ],
94 silly audit   resolve: [ '2.0.0-next.6', '1.22.11' ],
94 silly audit   'eslint-scope': [ '8.4.0' ],
94 silly audit   espree: [ '10.4.0' ],
94 silly audit   esquery: [ '1.7.0' ],
94 silly audit   esrecurse: [ '4.3.0' ],
94 silly audit   estraverse: [ '5.3.0' ],
94 silly audit   esutils: [ '2.0.3' ],
94 silly audit   'fast-deep-equal': [ '3.1.3' ],
94 silly audit   'fast-glob': [ '3.3.1' ],
94 silly audit   'glob-parent': [ '5.1.2', '6.0.2' ],
94 silly audit   'fast-json-stable-stringify': [ '2.1.0' ],
94 silly audit   'fast-levenshtein': [ '2.0.6' ],
94 silly audit   fastq: [ '1.20.1' ],
94 silly audit   'file-entry-cache': [ '8.0.0' ],
94 silly audit   'fill-range': [ '7.1.1' ],
94 silly audit   'find-up': [ '5.0.0' ],
94 silly audit   'flat-cache': [ '4.0.1' ],
94 silly audit   flatted: [ '3.4.1' ],
94 silly audit   'for-each': [ '0.3.5' ],
94 silly audit   'function-bind': [ '1.1.2' ],
94 silly audit   'function.prototype.name': [ '1.1.8' ],
94 silly audit   'functions-have-names': [ '1.2.3' ],
94 silly audit   'generator-function': [ '2.0.1' ],
94 silly audit   gensync: [ '1.0.0-beta.2' ],
94 silly audit   'get-intrinsic': [ '1.3.0' ],
94 silly audit   'get-proto': [ '1.0.1' ],
94 silly audit   'get-symbol-description': [ '1.1.0' ],
94 silly audit   'get-tsconfig': [ '4.13.6' ],
94 silly audit   globalthis: [ '1.0.4' ],
94 silly audit   gopd: [ '1.2.0' ],
94 silly audit   'graceful-fs': [ '4.2.11' ],
94 silly audit   'has-bigints': [ '1.1.0' ],
94 silly audit   'has-flag': [ '4.0.0' ],
94 silly audit   'has-property-descriptors': [ '1.0.2' ],
94 silly audit   'has-proto': [ '1.2.0' ],
94 silly audit   'has-symbols': [ '1.1.0' ],
94 silly audit   'has-tostringtag': [ '1.0.2' ],
94 silly audit   hasown: [ '2.0.2' ],
94 silly audit   'hermes-estree': [ '0.25.1' ],
94 silly audit   'hermes-parser': [ '0.25.1' ],
94 silly audit   'import-fresh': [ '3.3.1' ],
94 silly audit   imurmurhash: [ '0.1.4' ],
94 silly audit   'internal-slot': [ '1.1.0' ],
94 silly audit   'is-array-buffer': [ '3.0.5' ],
94 silly audit   'is-async-function': [ '2.1.1' ],
94 silly audit   'is-bigint': [ '1.1.0' ],
94 silly audit   'is-boolean-object': [ '1.2.2' ],
94 silly audit   'is-bun-module': [ '2.0.0' ],
94 silly audit   'is-callable': [ '1.2.7' ],
94 silly audit   'is-core-module': [ '2.16.1' ],
94 silly audit   'is-data-view': [ '1.0.2' ],
94 silly audit   'is-date-object': [ '1.1.0' ],
94 silly audit   'is-extglob': [ '2.1.1' ],
94 silly audit   'is-finalizationregistry': [ '1.1.1' ],
94 silly audit   'is-generator-function': [ '1.1.2' ],
94 silly audit   'is-glob': [ '4.0.3' ],
94 silly audit   'is-map': [ '2.0.3' ],
94 silly audit   'is-negative-zero': [ '2.0.3' ],
94 silly audit   'is-number': [ '7.0.0' ],
94 silly audit   'is-number-object': [ '1.1.1' ],
94 silly audit   'is-regex': [ '1.2.1' ],
94 silly audit   'is-set': [ '2.0.3' ],
94 silly audit   'is-shared-array-buffer': [ '1.0.4' ],
94 silly audit   'is-string': [ '1.1.1' ],
94 silly audit   'is-symbol': [ '1.1.1' ],
94 silly audit   'is-typed-array': [ '1.1.15' ],
94 silly audit   'is-weakmap': [ '2.0.2' ],
94 silly audit   'is-weakref': [ '1.1.1' ],
94 silly audit   'is-weakset': [ '2.0.4' ],
94 silly audit   isarray: [ '2.0.5' ],
94 silly audit   isexe: [ '2.0.0' ],
94 silly audit   'iterator.prototype': [ '1.1.5' ],
94 silly audit   jiti: [ '2.6.1' ],
94 silly audit   'js-tokens': [ '4.0.0' ],
94 silly audit   'js-yaml': [ '4.1.1' ],
94 silly audit   jsesc: [ '3.1.0' ],
94 silly audit   'json-buffer': [ '3.0.1' ],
94 silly audit   'json-schema-traverse': [ '0.4.1' ],
94 silly audit   'json-stable-stringify-without-jsonify': [ '1.0.1' ],
94 silly audit   json5: [ '2.2.3', '1.0.2' ],
94 silly audit   'jsx-ast-utils': [ '3.3.5' ],
94 silly audit   keyv: [ '4.5.4' ],
94 silly audit   'language-subtag-registry': [ '0.3.23' ],
94 silly audit   'language-tags': [ '1.0.9' ],
94 silly audit   levn: [ '0.4.1' ],
94 silly audit   lightningcss: [ '1.31.1' ],
94 silly audit   'lightningcss-android-arm64': [ '1.31.1' ],
94 silly audit   'lightningcss-darwin-arm64': [ '1.31.1' ],
94 silly audit   'lightningcss-darwin-x64': [ '1.31.1' ],
94 silly audit   'lightningcss-freebsd-x64': [ '1.31.1' ],
94 silly audit   'lightningcss-linux-arm-gnueabihf': [ '1.31.1' ],
94 silly audit   'lightningcss-linux-arm64-gnu': [ '1.31.1' ],
94 silly audit   'lightningcss-linux-arm64-musl': [ '1.31.1' ],
94 silly audit   'lightningcss-linux-x64-gnu': [ '1.31.1' ],
94 silly audit   'lightningcss-linux-x64-musl': [ '1.31.1' ],
94 silly audit   'lightningcss-win32-arm64-msvc': [ '1.31.1' ],
94 silly audit   'lightningcss-win32-x64-msvc': [ '1.31.1' ],
94 silly audit   'locate-path': [ '6.0.0' ],
94 silly audit   'lodash.merge': [ '4.6.2' ],
94 silly audit   'loose-envify': [ '1.4.0' ],
94 silly audit   'lru-cache': [ '5.1.1' ],
94 silly audit   'magic-string': [ '0.30.21' ],
94 silly audit   'math-intrinsics': [ '1.1.0' ],
94 silly audit   merge2: [ '1.4.1' ],
94 silly audit   micromatch: [ '4.0.8' ],
94 silly audit   minimist: [ '1.2.8' ],
94 silly audit   ms: [ '2.1.3' ],
94 silly audit   nanoid: [ '3.3.11' ],
94 silly audit   'napi-postinstall': [ '0.3.4' ],
94 silly audit   'natural-compare': [ '1.4.0' ],
94 silly audit   next: [ '16.1.6' ],
94 silly audit   postcss: [ '8.4.31', '8.5.8' ],
94 silly audit   'node-exports-info': [ '1.6.0' ],
94 silly audit   'node-releases': [ '2.0.36' ],
94 silly audit   'object-assign': [ '4.1.1' ],
94 silly audit   'object-inspect': [ '1.13.4' ],
94 silly audit   'object-keys': [ '1.1.1' ],
94 silly audit   'object.assign': [ '4.1.7' ],
94 silly audit   'object.entries': [ '1.1.9' ],
94 silly audit   'object.fromentries': [ '2.0.8' ],
94 silly audit   'object.groupby': [ '1.0.3' ],
94 silly audit   'object.values': [ '1.2.1' ],
94 silly audit   optionator: [ '0.9.4' ],
94 silly audit   'own-keys': [ '1.0.1' ],
94 silly audit   'p-limit': [ '3.1.0' ],
94 silly audit   'p-locate': [ '5.0.0' ],
94 silly audit   'parent-module': [ '1.0.1' ],
94 silly audit   'path-exists': [ '4.0.0' ],
94 silly audit   'path-key': [ '3.1.1' ],
94 silly audit   'path-parse': [ '1.0.7' ],
94 silly audit   picocolors: [ '1.1.1' ],
94 silly audit   picomatch: [ '2.3.1', '4.0.3' ],
94 silly audit   'possible-typed-array-names': [ '1.1.0' ],
94 silly audit   'prelude-ls': [ '1.2.1' ],
94 silly audit   'prop-types': [ '15.8.1' ],
94 silly audit   punycode: [ '2.3.1' ],
94 silly audit   'queue-microtask': [ '1.2.3' ],
94 silly audit   react: [ '19.2.3' ],
94 silly audit   'react-dom': [ '19.2.3' ],
94 silly audit   'react-is': [ '16.13.1' ],
94 silly audit   'reflect.getprototypeof': [ '1.0.10' ],
94 silly audit   'regexp.prototype.flags': [ '1.5.4' ],
94 silly audit   'resolve-from': [ '4.0.0' ],
94 silly audit   'resolve-pkg-maps': [ '1.0.0' ],
94 silly audit   reusify: [ '1.1.0' ],
94 silly audit   'run-parallel': [ '1.2.0' ],
94 silly audit   'safe-array-concat': [ '1.1.3' ],
94 silly audit   'safe-push-apply': [ '1.0.0' ],
94 silly audit   'safe-regex-test': [ '1.1.0' ],
94 silly audit   scheduler: [ '0.27.0' ],
94 silly audit   'set-function-length': [ '1.2.2' ],
94 silly audit   'set-function-name': [ '2.0.2' ],
94 silly audit   'set-proto': [ '1.0.0' ],
94 silly audit   sharp: [ '0.34.5' ],
94 silly audit   'shebang-command': [ '2.0.0' ],
94 silly audit   'shebang-regex': [ '3.0.0' ],
94 silly audit   'side-channel': [ '1.1.0' ],
94 silly audit   'side-channel-list': [ '1.0.0' ],
94 silly audit   'side-channel-map': [ '1.0.1' ],
94 silly audit   'side-channel-weakmap': [ '1.0.2' ],
94 silly audit   'source-map-js': [ '1.2.1' ],
94 silly audit   'stable-hash': [ '0.0.5' ],
94 silly audit   'stop-iteration-iterator': [ '1.1.0' ],
94 silly audit   'string.prototype.includes': [ '2.0.1' ],
94 silly audit   'string.prototype.matchall': [ '4.0.12' ],
94 silly audit   'string.prototype.repeat': [ '1.0.0' ],
94 silly audit   'string.prototype.trim': [ '1.2.10' ],
94 silly audit   'string.prototype.trimend': [ '1.0.9' ],
94 silly audit   'string.prototype.trimstart': [ '1.0.8' ],
94 silly audit   'strip-bom': [ '3.0.0' ],
94 silly audit   'strip-json-comments': [ '3.1.1' ],
94 silly audit   'styled-jsx': [ '5.1.6' ],
94 silly audit   'supports-color': [ '7.2.0' ],
94 silly audit   'supports-preserve-symlinks-flag': [ '1.0.0' ],
94 silly audit   tailwindcss: [ '4.2.1' ],
94 silly audit   tapable: [ '2.3.0' ],
94 silly audit   tinyglobby: [ '0.2.15' ],
94 silly audit   fdir: [ '6.5.0' ],
94 silly audit   'to-regex-range': [ '5.0.1' ],
94 silly audit   'ts-api-utils': [ '2.4.0' ],
94 silly audit   'tsconfig-paths': [ '3.15.0' ],
94 silly audit   tslib: [ '2.8.1' ],
94 silly audit   'type-check': [ '0.4.0' ],
94 silly audit   'typed-array-buffer': [ '1.0.3' ],
94 silly audit   'typed-array-byte-length': [ '1.0.3' ],
94 silly audit   'typed-array-byte-offset': [ '1.0.4' ],
94 silly audit   'typed-array-length': [ '1.0.7' ],
94 silly audit   typescript: [ '5.9.3' ],
94 silly audit   'typescript-eslint': [ '8.57.0' ],
94 silly audit   'unbox-primitive': [ '1.1.0' ],
94 silly audit   'undici-types': [ '6.21.0' ],
94 silly audit   'unrs-resolver': [ '1.11.1' ],
94 silly audit   'update-browserslist-db': [ '1.2.3' ],
94 silly audit   'uri-js': [ '4.4.1' ],
94 silly audit   which: [ '2.0.2' ],
94 silly audit   'which-boxed-primitive': [ '1.1.1' ],
94 silly audit   'which-builtin-type': [ '1.2.1' ],
94 silly audit   'which-collection': [ '1.0.2' ],
94 silly audit   'which-typed-array': [ '1.1.20' ],
94 silly audit   'word-wrap': [ '1.2.5' ],
94 silly audit   yallist: [ '3.1.1' ],
94 silly audit   'yocto-queue': [ '0.1.0' ],
94 silly audit   zod: [ '4.3.6' ],
94 silly audit   'zod-validation-error': [ '4.0.2' ],
94 silly audit   pg: [ '8.20.0' ],
94 silly audit   'pg-cloudflare': [ '1.3.0' ],
94 silly audit   'pg-connection-string': [ '2.12.0' ],
94 silly audit   'pg-pool': [ '3.13.0' ],
94 silly audit   'pg-protocol': [ '1.13.0' ],
94 silly audit   'pg-types': [ '2.2.0' ],
94 silly audit   pgpass: [ '1.0.5' ],
94 silly audit   'pg-int8': [ '1.0.1' ],
94 silly audit   'postgres-array': [ '2.0.0' ],
94 silly audit   'postgres-bytea': [ '1.0.1' ],
94 silly audit   'postgres-date': [ '1.0.7' ],
94 silly audit   'postgres-interval': [ '1.2.0' ],
94 silly audit   split2: [ '4.2.0' ],
94 silly audit   xtend: [ '4.0.2' ]
94 silly audit }
95 http cache xtend@https://registry.npmjs.org/xtend/-/xtend-4.0.2.tgz 0ms (cache hit)
96 http cache postgres-date@https://registry.npmjs.org/postgres-date/-/postgres-date-1.0.7.tgz 0ms (cache hit)
97 http cache postgres-interval@https://registry.npmjs.org/postgres-interval/-/postgres-interval-1.2.0.tgz 0ms (cache hit)
98 http cache split2@https://registry.npmjs.org/split2/-/split2-4.2.0.tgz 0ms (cache hit)
99 http cache pgpass@https://registry.npmjs.org/pgpass/-/pgpass-1.0.5.tgz 0ms (cache hit)
100 http cache postgres-array@https://registry.npmjs.org/postgres-array/-/postgres-array-2.0.0.tgz 0ms (cache hit)
101 http cache pg-int8@https://registry.npmjs.org/pg-int8/-/pg-int8-1.0.1.tgz 0ms (cache hit)
102 http cache pg-types@https://registry.npmjs.org/pg-types/-/pg-types-2.2.0.tgz 0ms (cache hit)
103 http cache pg-protocol@https://registry.npmjs.org/pg-protocol/-/pg-protocol-1.13.0.tgz 0ms (cache hit)
104 http cache pg-pool@https://registry.npmjs.org/pg-pool/-/pg-pool-3.13.0.tgz 0ms (cache hit)
105 http cache pg-connection-string@https://registry.npmjs.org/pg-connection-string/-/pg-connection-string-2.12.0.tgz 0ms (cache hit)
106 http cache postgres-bytea@https://registry.npmjs.org/postgres-bytea/-/postgres-bytea-1.0.1.tgz 0ms (cache hit)
107 silly tarball no local data for xtend@https://registry.npmjs.org/xtend/-/xtend-4.0.2.tgz. Extracting by manifest.
108 silly tarball no local data for postgres-date@https://registry.npmjs.org/postgres-date/-/postgres-date-1.0.7.tgz. Extracting by manifest.
109 silly tarball no local data for postgres-interval@https://registry.npmjs.org/postgres-interval/-/postgres-interval-1.2.0.tgz. Extracting by manifest.
110 silly tarball no local data for split2@https://registry.npmjs.org/split2/-/split2-4.2.0.tgz. Extracting by manifest.
111 silly tarball no local data for pgpass@https://registry.npmjs.org/pgpass/-/pgpass-1.0.5.tgz. Extracting by manifest.
112 silly tarball no local data for postgres-array@https://registry.npmjs.org/postgres-array/-/postgres-array-2.0.0.tgz. Extracting by manifest.
113 silly tarball no local data for pg-int8@https://registry.npmjs.org/pg-int8/-/pg-int8-1.0.1.tgz. Extracting by manifest.
114 http cache pg-cloudflare@https://registry.npmjs.org/pg-cloudflare/-/pg-cloudflare-1.3.0.tgz 0ms (cache hit)
115 silly tarball no local data for pg-types@https://registry.npmjs.org/pg-types/-/pg-types-2.2.0.tgz. Extracting by manifest.
116 http cache pg@https://registry.npmjs.org/pg/-/pg-8.20.0.tgz 0ms (cache hit)
117 silly tarball no local data for pg-protocol@https://registry.npmjs.org/pg-protocol/-/pg-protocol-1.13.0.tgz. Extracting by manifest.
118 silly tarball no local data for pg-pool@https://registry.npmjs.org/pg-pool/-/pg-pool-3.13.0.tgz. Extracting by manifest.
119 silly tarball no local data for pg-connection-string@https://registry.npmjs.org/pg-connection-string/-/pg-connection-string-2.12.0.tgz. Extracting by manifest.
120 silly tarball no local data for postgres-bytea@https://registry.npmjs.org/postgres-bytea/-/postgres-bytea-1.0.1.tgz. Extracting by manifest.
121 silly tarball no local data for pg-cloudflare@https://registry.npmjs.org/pg-cloudflare/-/pg-cloudflare-1.3.0.tgz. Extracting by manifest.
122 silly tarball no local data for pg@https://registry.npmjs.org/pg/-/pg-8.20.0.tgz. Extracting by manifest.
123 http fetch GET 200 https://registry.npmjs.org/xtend/-/xtend-4.0.2.tgz 53ms (cache miss)
124 http fetch GET 200 https://registry.npmjs.org/postgres-date/-/postgres-date-1.0.7.tgz 53ms (cache miss)
125 http fetch GET 200 https://registry.npmjs.org/pgpass/-/pgpass-1.0.5.tgz 53ms (cache miss)
126 http fetch GET 200 https://registry.npmjs.org/postgres-interval/-/postgres-interval-1.2.0.tgz 53ms (cache miss)
127 http fetch GET 200 https://registry.npmjs.org/split2/-/split2-4.2.0.tgz 53ms (cache miss)
128 http fetch GET 200 https://registry.npmjs.org/pg-cloudflare/-/pg-cloudflare-1.3.0.tgz 57ms (cache miss)
129 http fetch GET 200 https://registry.npmjs.org/pg-int8/-/pg-int8-1.0.1.tgz 62ms (cache miss)
130 http fetch GET 200 https://registry.npmjs.org/pg-protocol/-/pg-protocol-1.13.0.tgz 68ms (cache miss)
131 http fetch GET 200 https://registry.npmjs.org/pg-connection-string/-/pg-connection-string-2.12.0.tgz 69ms (cache miss)
132 http fetch GET 200 https://registry.npmjs.org/postgres-bytea/-/postgres-bytea-1.0.1.tgz 69ms (cache miss)
133 http fetch GET 200 https://registry.npmjs.org/pg-pool/-/pg-pool-3.13.0.tgz 70ms (cache miss)
134 http fetch GET 200 https://registry.npmjs.org/postgres-array/-/postgres-array-2.0.0.tgz 76ms (cache miss)
135 http fetch GET 200 https://registry.npmjs.org/pg/-/pg-8.20.0.tgz 75ms (cache miss)
136 http fetch GET 200 https://registry.npmjs.org/pg-types/-/pg-types-2.2.0.tgz 89ms (cache miss)
137 http fetch POST 200 https://registry.npmjs.org/-/npm/v1/security/advisories/bulk 188ms
138 silly audit report {}
139 silly ADD node_modules/xtend
140 silly ADD node_modules/split2
141 silly ADD node_modules/postgres-interval
142 silly ADD node_modules/postgres-date
143 silly ADD node_modules/postgres-bytea
144 silly ADD node_modules/postgres-array
145 silly ADD node_modules/pg-int8
146 silly ADD node_modules/pgpass
147 silly ADD node_modules/pg-types
148 silly ADD node_modules/pg-protocol
149 silly ADD node_modules/pg-pool
150 silly ADD node_modules/pg-connection-string
151 silly ADD node_modules/pg-cloudflare
152 silly ADD node_modules/pg
153 verbose cwd /Users/jeonjihun/Desktop/Upstage/Woogook/woogook_fe_test
154 verbose os Darwin 25.3.0
155 verbose node v25.6.1
156 verbose npm  v11.9.0
157 notice
157 notice New minor version of npm available! 11.9.0 -> 11.11.1
157 notice Changelog: https://github.com/npm/cli/releases/tag/v11.11.1
157 notice To update run: npm install -g npm@11.11.1
157 notice  { force: true, Symbol(proc-log.meta): true }
158 verbose exit 0
159 info ok
